<?xml version="1.0" encoding="UTF-8"?>
<testng-results skipped="0" failed="1" ignored="0" total="7" passed="6">
  <reporter-output>
  </reporter-output>
  <suite name="Default suite" duration-ms="81298" started-at="2019-03-05T12:59:46Z" finished-at="2019-03-05T13:01:07Z">
    <groups>
      <group name="Sanity">
        <method signature="FacebookAuthFromSignInBtnTest.FacebookLogin()[pri:0, instance:Sanity.FacebookAuthFromSignInBtnTest@78aa1f72]" name="FacebookLogin" class="Sanity.FacebookAuthFromSignInBtnTest"/>
        <method signature="GoogleAuthFromSignInBtnTest.GoogleLogin()[pri:0, instance:Sanity.GoogleAuthFromSignInBtnTest@35399441]" name="GoogleLogin" class="Sanity.GoogleAuthFromSignInBtnTest"/>
      </group> <!-- Sanity -->
      <group name="Artlist">
        <method signature="JoinTest.joinUs()[pri:0, instance:Sanity.JoinTest@4b7dc788]" name="joinUs" class="Sanity.JoinTest"/>
        <method signature="LoginTest.login()[pri:0, instance:Sanity.LoginTest@6d026701]" name="login" class="Sanity.LoginTest"/>
        <method signature="PaymentTest.PaymentTestSuccess()[pri:0, instance:Sanity.PaymentTest@6304101a]" name="PaymentTestSuccess" class="Sanity.PaymentTest"/>
        <method signature="searchEndsUpOnArtlistPageTest.search()[pri:0, instance:Sanity.searchEndsUpOnArtlistPageTest@5cdec700]" name="search" class="Sanity.searchEndsUpOnArtlistPageTest"/>
      </group> <!-- Artlist -->
      <group name="sanity">
        <method signature="searchTest.search()[pri:0, instance:Sanity.searchTest@1f75a668]" name="search" class="Sanity.searchTest"/>
      </group> <!-- sanity -->
    </groups>
    <test name="Default test" duration-ms="81298" started-at="2019-03-05T12:59:46Z" finished-at="2019-03-05T13:01:07Z">
      <class name="Sanity.searchEndsUpOnArtlistPageTest">
        <test-method status="PASS" signature="browser()[pri:0, instance:Sanity.searchEndsUpOnArtlistPageTest@5cdec700]" name="browser" is-config="true" duration-ms="1" started-at="2019-03-05T13:00:22Z" finished-at="2019-03-05T13:00:22Z">
          <reporter-output>
          </reporter-output>
        </test-method> <!-- browser -->
        <test-method status="PASS" signature="browserDimension()[pri:0, instance:Sanity.searchEndsUpOnArtlistPageTest@5cdec700]" name="browserDimension" is-config="true" duration-ms="253" started-at="2019-03-05T13:00:22Z" finished-at="2019-03-05T13:00:22Z">
          <reporter-output>
          </reporter-output>
        </test-method> <!-- browserDimension -->
        <test-method status="PASS" signature="disableCookies()[pri:0, instance:Sanity.searchEndsUpOnArtlistPageTest@5cdec700]" name="disableCookies" is-config="true" duration-ms="1" started-at="2019-03-05T13:00:22Z" finished-at="2019-03-05T13:00:22Z">
          <reporter-output>
          </reporter-output>
        </test-method> <!-- disableCookies -->
        <test-method status="PASS" signature="printTestInfo(java.lang.reflect.Method)[pri:0, instance:Sanity.searchEndsUpOnArtlistPageTest@5cdec700]" name="printTestInfo" is-config="true" duration-ms="1" started-at="2019-03-05T13:00:22Z" finished-at="2019-03-05T13:00:22Z">
          <params>
            <param index="0">
              <value>
                <![CDATA[public void Sanity.searchEndsUpOnArtlistPageTest.search() throws java.lang.InterruptedException]]>
              </value>
            </param>
          </params>
          <reporter-output>
          </reporter-output>
        </test-method> <!-- printTestInfo -->
        <test-method status="PASS" signature="setUserAgent()[pri:0, instance:Sanity.searchEndsUpOnArtlistPageTest@5cdec700]" name="setUserAgent" is-config="true" duration-ms="9" started-at="2019-03-05T13:00:22Z" finished-at="2019-03-05T13:00:22Z">
          <reporter-output>
          </reporter-output>
        </test-method> <!-- setUserAgent -->
        <test-method status="FAIL" signature="search()[pri:0, instance:Sanity.searchEndsUpOnArtlistPageTest@5cdec700]" name="search" duration-ms="6099" started-at="2019-03-05T13:00:22Z" description="the script is searching for certain artist and then taks the user into the artists page" finished-at="2019-03-05T13:00:28Z">
          <exception class="java.lang.AssertionError">
            <message>
              <![CDATA[expected [true] but found [false]]]>
            </message>
            <full-stacktrace>
              <![CDATA[java.lang.AssertionError: expected [true] but found [false]
at org.testng.Assert.fail(Assert.java:96)
at org.testng.Assert.failNotEquals(Assert.java:776)
at org.testng.Assert.assertEqualsImpl(Assert.java:137)
at org.testng.Assert.assertEquals(Assert.java:118)
at org.testng.Assert.assertEquals(Assert.java:568)
at org.testng.Assert.assertEquals(Assert.java:578)
at Sanity.searchEndsUpOnArtlistPageTest.search(searchEndsUpOnArtlistPageTest.java:45)
at sun.reflect.NativeMethodAccessorImpl.invoke0(Native Method)
at sun.reflect.NativeMethodAccessorImpl.invoke(Unknown Source)
at sun.reflect.DelegatingMethodAccessorImpl.invoke(Unknown Source)
at java.lang.reflect.Method.invoke(Unknown Source)
at org.testng.internal.MethodInvocationHelper.invokeMethod(MethodInvocationHelper.java:124)
at org.testng.internal.Invoker.invokeMethod(Invoker.java:583)
at org.testng.internal.Invoker.invokeTestMethod(Invoker.java:719)
at org.testng.internal.Invoker.invokeTestMethods(Invoker.java:989)
at org.testng.internal.TestMethodWorker.invokeTestMethods(TestMethodWorker.java:125)
at org.testng.internal.TestMethodWorker.run(TestMethodWorker.java:109)
at org.testng.TestRunner.privateRun(TestRunner.java:648)
at org.testng.TestRunner.run(TestRunner.java:505)
at org.testng.SuiteRunner.runTest(SuiteRunner.java:455)
at org.testng.SuiteRunner.runSequentially(SuiteRunner.java:450)
at org.testng.SuiteRunner.privateRun(SuiteRunner.java:415)
at org.testng.SuiteRunner.run(SuiteRunner.java:364)
at org.testng.SuiteRunnerWorker.runSuite(SuiteRunnerWorker.java:52)
at org.testng.SuiteRunnerWorker.run(SuiteRunnerWorker.java:84)
at org.testng.TestNG.runSuitesSequentially(TestNG.java:1208)
at org.testng.TestNG.runSuitesLocally(TestNG.java:1137)
at org.testng.TestNG.runSuites(TestNG.java:1049)
at org.testng.TestNG.run(TestNG.java:1017)
at org.testng.remote.AbstractRemoteTestNG.run(AbstractRemoteTestNG.java:114)
at org.testng.remote.RemoteTestNG.initAndRun(RemoteTestNG.java:251)
at org.testng.remote.RemoteTestNG.main(RemoteTestNG.java:77)
]]>
            </full-stacktrace>
          </exception> <!-- java.lang.AssertionError -->
          <reporter-output>
          </reporter-output>
        </test-method> <!-- search -->
        <test-method status="PASS" signature="closeBrowser(org.testng.ITestResult)[pri:0, instance:Sanity.searchEndsUpOnArtlistPageTest@5cdec700]" name="closeBrowser" is-config="true" duration-ms="925" started-at="2019-03-05T13:00:28Z" finished-at="2019-03-05T13:00:29Z">
          <params>
            <param index="0">
              <value>
                <![CDATA[[TestResult name=search status=FAILURE method=searchEndsUpOnArtlistPageTest.search()[pri:0, instance:Sanity.searchEndsUpOnArtlistPageTest@5cdec700] output={null}]]]>
              </value>
            </param>
          </params>
          <reporter-output>
          </reporter-output>
        </test-method> <!-- closeBrowser -->
      </class> <!-- Sanity.searchEndsUpOnArtlistPageTest -->
      <class name="Sanity.LoginTest">
        <test-method status="PASS" signature="browser()[pri:0, instance:Sanity.LoginTest@6d026701]" name="browser" is-config="true" duration-ms="0" started-at="2019-03-05T13:00:29Z" finished-at="2019-03-05T13:00:29Z">
          <reporter-output>
          </reporter-output>
        </test-method> <!-- browser -->
        <test-method status="PASS" signature="browserDimension()[pri:0, instance:Sanity.LoginTest@6d026701]" name="browserDimension" is-config="true" duration-ms="240" started-at="2019-03-05T13:00:29Z" finished-at="2019-03-05T13:00:29Z">
          <reporter-output>
          </reporter-output>
        </test-method> <!-- browserDimension -->
        <test-method status="PASS" signature="disableCookies()[pri:0, instance:Sanity.LoginTest@6d026701]" name="disableCookies" is-config="true" duration-ms="0" started-at="2019-03-05T13:00:29Z" finished-at="2019-03-05T13:00:29Z">
          <reporter-output>
          </reporter-output>
        </test-method> <!-- disableCookies -->
        <test-method status="PASS" signature="setUserAgent()[pri:0, instance:Sanity.LoginTest@6d026701]" name="setUserAgent" is-config="true" duration-ms="0" started-at="2019-03-05T13:00:29Z" finished-at="2019-03-05T13:00:29Z">
          <reporter-output>
          </reporter-output>
        </test-method> <!-- setUserAgent -->
        <test-method status="PASS" signature="login()[pri:0, instance:Sanity.LoginTest@6d026701]" name="login" duration-ms="1179" started-at="2019-03-05T13:00:29Z" description="the script should perform a login by giving the Email, Pass, and click the login button" finished-at="2019-03-05T13:00:31Z">
          <reporter-output>
          </reporter-output>
        </test-method> <!-- login -->
        <test-method status="PASS" signature="printTestInfo(java.lang.reflect.Method)[pri:0, instance:Sanity.LoginTest@6d026701]" name="printTestInfo" is-config="true" duration-ms="0" started-at="2019-03-05T13:00:29Z" finished-at="2019-03-05T13:00:29Z">
          <params>
            <param index="0">
              <value>
                <![CDATA[public void Sanity.LoginTest.login() throws java.lang.InterruptedException]]>
              </value>
            </param>
          </params>
          <reporter-output>
          </reporter-output>
        </test-method> <!-- printTestInfo -->
        <test-method status="PASS" signature="closeBrowser(org.testng.ITestResult)[pri:0, instance:Sanity.LoginTest@6d026701]" name="closeBrowser" is-config="true" duration-ms="788" started-at="2019-03-05T13:00:31Z" finished-at="2019-03-05T13:00:31Z">
          <params>
            <param index="0">
              <value>
                <![CDATA[[TestResult name=login status=SUCCESS method=LoginTest.login()[pri:0, instance:Sanity.LoginTest@6d026701] output={null}]]]>
              </value>
            </param>
          </params>
          <reporter-output>
          </reporter-output>
        </test-method> <!-- closeBrowser -->
      </class> <!-- Sanity.LoginTest -->
      <class name="Sanity.FacebookAuthFromSignInBtnTest">
        <test-method status="PASS" signature="setup()[pri:0, instance:Sanity.FacebookAuthFromSignInBtnTest@78aa1f72]" name="setup" is-config="true" duration-ms="7666" started-at="2019-03-05T12:59:46Z" finished-at="2019-03-05T12:59:54Z">
          <reporter-output>
          </reporter-output>
        </test-method> <!-- setup -->
        <test-method status="PASS" signature="setup()[pri:0, instance:Sanity.GoogleAuthFromSignInBtnTest@35399441]" name="setup" is-config="true" duration-ms="4426" started-at="2019-03-05T12:59:54Z" finished-at="2019-03-05T12:59:58Z">
          <reporter-output>
          </reporter-output>
        </test-method> <!-- setup -->
        <test-method status="PASS" signature="setup()[pri:0, instance:Sanity.JoinTest@4b7dc788]" name="setup" is-config="true" duration-ms="5493" started-at="2019-03-05T12:59:58Z" finished-at="2019-03-05T13:00:04Z">
          <reporter-output>
          </reporter-output>
        </test-method> <!-- setup -->
        <test-method status="PASS" signature="setup()[pri:0, instance:Sanity.LoginTest@6d026701]" name="setup" is-config="true" duration-ms="4476" started-at="2019-03-05T13:00:04Z" finished-at="2019-03-05T13:00:08Z">
          <reporter-output>
          </reporter-output>
        </test-method> <!-- setup -->
        <test-method status="PASS" signature="setup()[pri:0, instance:Sanity.PaymentTest@6304101a]" name="setup" is-config="true" duration-ms="4794" started-at="2019-03-05T13:00:08Z" finished-at="2019-03-05T13:00:13Z">
          <reporter-output>
          </reporter-output>
        </test-method> <!-- setup -->
        <test-method status="PASS" signature="setup()[pri:0, instance:Sanity.searchEndsUpOnArtlistPageTest@5cdec700]" name="setup" is-config="true" duration-ms="4395" started-at="2019-03-05T13:00:13Z" finished-at="2019-03-05T13:00:17Z">
          <reporter-output>
          </reporter-output>
        </test-method> <!-- setup -->
        <test-method status="PASS" signature="setup()[pri:0, instance:Sanity.searchTest@1f75a668]" name="setup" is-config="true" duration-ms="4574" started-at="2019-03-05T13:00:17Z" finished-at="2019-03-05T13:00:22Z">
          <reporter-output>
          </reporter-output>
        </test-method> <!-- setup -->
        <test-method status="PASS" signature="browser()[pri:0, instance:Sanity.FacebookAuthFromSignInBtnTest@78aa1f72]" name="browser" is-config="true" duration-ms="0" started-at="2019-03-05T13:00:31Z" finished-at="2019-03-05T13:00:31Z">
          <reporter-output>
          </reporter-output>
        </test-method> <!-- browser -->
        <test-method status="PASS" signature="browserDimension()[pri:0, instance:Sanity.FacebookAuthFromSignInBtnTest@78aa1f72]" name="browserDimension" is-config="true" duration-ms="246" started-at="2019-03-05T13:00:31Z" finished-at="2019-03-05T13:00:32Z">
          <reporter-output>
          </reporter-output>
        </test-method> <!-- browserDimension -->
        <test-method status="PASS" signature="disableCookies()[pri:0, instance:Sanity.FacebookAuthFromSignInBtnTest@78aa1f72]" name="disableCookies" is-config="true" duration-ms="0" started-at="2019-03-05T13:00:32Z" finished-at="2019-03-05T13:00:32Z">
          <reporter-output>
          </reporter-output>
        </test-method> <!-- disableCookies -->
        <test-method status="PASS" signature="printTestInfo(java.lang.reflect.Method)[pri:0, instance:Sanity.FacebookAuthFromSignInBtnTest@78aa1f72]" name="printTestInfo" is-config="true" duration-ms="0" started-at="2019-03-05T13:00:32Z" finished-at="2019-03-05T13:00:32Z">
          <params>
            <param index="0">
              <value>
                <![CDATA[public void Sanity.FacebookAuthFromSignInBtnTest.FacebookLogin() throws java.lang.InterruptedException,java.io.IOException]]>
              </value>
            </param>
          </params>
          <reporter-output>
          </reporter-output>
        </test-method> <!-- printTestInfo -->
        <test-method status="PASS" signature="setUserAgent()[pri:0, instance:Sanity.FacebookAuthFromSignInBtnTest@78aa1f72]" name="setUserAgent" is-config="true" duration-ms="0" started-at="2019-03-05T13:00:32Z" finished-at="2019-03-05T13:00:32Z">
          <reporter-output>
          </reporter-output>
        </test-method> <!-- setUserAgent -->
        <test-method status="PASS" signature="FacebookLogin()[pri:0, instance:Sanity.FacebookAuthFromSignInBtnTest@78aa1f72]" name="FacebookLogin" duration-ms="5337" started-at="2019-03-05T13:00:32Z" description="this test performs a login to artlist site through Facebook after clicking the sign in button" finished-at="2019-03-05T13:00:37Z">
          <reporter-output>
          </reporter-output>
        </test-method> <!-- FacebookLogin -->
        <test-method status="PASS" signature="closeBrowser(org.testng.ITestResult)[pri:0, instance:Sanity.FacebookAuthFromSignInBtnTest@78aa1f72]" name="closeBrowser" is-config="true" duration-ms="794" started-at="2019-03-05T13:00:37Z" finished-at="2019-03-05T13:00:38Z">
          <params>
            <param index="0">
              <value>
                <![CDATA[[TestResult name=FacebookLogin status=SUCCESS method=FacebookAuthFromSignInBtnTest.FacebookLogin()[pri:0, instance:Sanity.FacebookAuthFromSignInBtnTest@78aa1f72] output={null}]]]>
              </value>
            </param>
          </params>
          <reporter-output>
          </reporter-output>
        </test-method> <!-- closeBrowser -->
      </class> <!-- Sanity.FacebookAuthFromSignInBtnTest -->
      <class name="Sanity.searchTest">
        <test-method status="PASS" signature="browserDimension()[pri:0, instance:Sanity.searchTest@1f75a668]" name="browserDimension" is-config="true" duration-ms="236" started-at="2019-03-05T13:00:38Z" finished-at="2019-03-05T13:00:38Z">
          <reporter-output>
          </reporter-output>
        </test-method> <!-- browserDimension -->
        <test-method status="PASS" signature="browser()[pri:0, instance:Sanity.searchTest@1f75a668]" name="browser" is-config="true" duration-ms="0" started-at="2019-03-05T13:00:38Z" finished-at="2019-03-05T13:00:38Z">
          <reporter-output>
          </reporter-output>
        </test-method> <!-- browser -->
        <test-method status="PASS" signature="printTestInfo(java.lang.reflect.Method)[pri:0, instance:Sanity.searchTest@1f75a668]" name="printTestInfo" is-config="true" duration-ms="0" started-at="2019-03-05T13:00:38Z" finished-at="2019-03-05T13:00:38Z">
          <params>
            <param index="0">
              <value>
                <![CDATA[public void Sanity.searchTest.search() throws java.lang.InterruptedException]]>
              </value>
            </param>
          </params>
          <reporter-output>
          </reporter-output>
        </test-method> <!-- printTestInfo -->
        <test-method status="PASS" signature="setUserAgent()[pri:0, instance:Sanity.searchTest@1f75a668]" name="setUserAgent" is-config="true" duration-ms="1" started-at="2019-03-05T13:00:38Z" finished-at="2019-03-05T13:00:38Z">
          <reporter-output>
          </reporter-output>
        </test-method> <!-- setUserAgent -->
        <test-method status="PASS" signature="disableCookies()[pri:0, instance:Sanity.searchTest@1f75a668]" name="disableCookies" is-config="true" duration-ms="0" started-at="2019-03-05T13:00:38Z" finished-at="2019-03-05T13:00:38Z">
          <reporter-output>
          </reporter-output>
        </test-method> <!-- disableCookies -->
        <test-method status="PASS" signature="search()[pri:0, instance:Sanity.searchTest@1f75a668]" name="search" duration-ms="1083" started-at="2019-03-05T13:00:38Z" description="the script is searching for a letter, then picks up the first result" finished-at="2019-03-05T13:00:39Z">
          <reporter-output>
          </reporter-output>
        </test-method> <!-- search -->
        <test-method status="PASS" signature="closeBrowser(org.testng.ITestResult)[pri:0, instance:Sanity.searchTest@1f75a668]" name="closeBrowser" is-config="true" duration-ms="746" started-at="2019-03-05T13:00:39Z" finished-at="2019-03-05T13:00:40Z">
          <params>
            <param index="0">
              <value>
                <![CDATA[[TestResult name=search status=SUCCESS method=searchTest.search()[pri:0, instance:Sanity.searchTest@1f75a668] output={null}]]]>
              </value>
            </param>
          </params>
          <reporter-output>
          </reporter-output>
        </test-method> <!-- closeBrowser -->
      </class> <!-- Sanity.searchTest -->
      <class name="Sanity.GoogleAuthFromSignInBtnTest">
        <test-method status="PASS" signature="browser()[pri:0, instance:Sanity.GoogleAuthFromSignInBtnTest@35399441]" name="browser" is-config="true" duration-ms="0" started-at="2019-03-05T13:00:40Z" finished-at="2019-03-05T13:00:40Z">
          <reporter-output>
          </reporter-output>
        </test-method> <!-- browser -->
        <test-method status="PASS" signature="browserDimension()[pri:0, instance:Sanity.GoogleAuthFromSignInBtnTest@35399441]" name="browserDimension" is-config="true" duration-ms="243" started-at="2019-03-05T13:00:40Z" finished-at="2019-03-05T13:00:40Z">
          <reporter-output>
          </reporter-output>
        </test-method> <!-- browserDimension -->
        <test-method status="PASS" signature="printTestInfo(java.lang.reflect.Method)[pri:0, instance:Sanity.GoogleAuthFromSignInBtnTest@35399441]" name="printTestInfo" is-config="true" duration-ms="0" started-at="2019-03-05T13:00:40Z" finished-at="2019-03-05T13:00:40Z">
          <params>
            <param index="0">
              <value>
                <![CDATA[public void Sanity.GoogleAuthFromSignInBtnTest.GoogleLogin() throws java.lang.InterruptedException,java.io.IOException]]>
              </value>
            </param>
          </params>
          <reporter-output>
          </reporter-output>
        </test-method> <!-- printTestInfo -->
        <test-method status="PASS" signature="GoogleLogin()[pri:0, instance:Sanity.GoogleAuthFromSignInBtnTest@35399441]" name="GoogleLogin" duration-ms="7031" started-at="2019-03-05T13:00:40Z" description="this test performs a login to artlist site through Google after clicking the sign in button" finished-at="2019-03-05T13:00:47Z">
          <reporter-output>
          </reporter-output>
        </test-method> <!-- GoogleLogin -->
        <test-method status="PASS" signature="setUserAgent()[pri:0, instance:Sanity.GoogleAuthFromSignInBtnTest@35399441]" name="setUserAgent" is-config="true" duration-ms="0" started-at="2019-03-05T13:00:40Z" finished-at="2019-03-05T13:00:40Z">
          <reporter-output>
          </reporter-output>
        </test-method> <!-- setUserAgent -->
        <test-method status="PASS" signature="disableCookies()[pri:0, instance:Sanity.GoogleAuthFromSignInBtnTest@35399441]" name="disableCookies" is-config="true" duration-ms="0" started-at="2019-03-05T13:00:40Z" finished-at="2019-03-05T13:00:40Z">
          <reporter-output>
          </reporter-output>
        </test-method> <!-- disableCookies -->
        <test-method status="PASS" signature="closeBrowser(org.testng.ITestResult)[pri:0, instance:Sanity.GoogleAuthFromSignInBtnTest@35399441]" name="closeBrowser" is-config="true" duration-ms="796" started-at="2019-03-05T13:00:47Z" finished-at="2019-03-05T13:00:48Z">
          <params>
            <param index="0">
              <value>
                <![CDATA[[TestResult name=GoogleLogin status=SUCCESS method=GoogleAuthFromSignInBtnTest.GoogleLogin()[pri:0, instance:Sanity.GoogleAuthFromSignInBtnTest@35399441] output={null}]]]>
              </value>
            </param>
          </params>
          <reporter-output>
          </reporter-output>
        </test-method> <!-- closeBrowser -->
      </class> <!-- Sanity.GoogleAuthFromSignInBtnTest -->
      <class name="Sanity.JoinTest">
        <test-method status="PASS" signature="browserDimension()[pri:0, instance:Sanity.JoinTest@4b7dc788]" name="browserDimension" is-config="true" duration-ms="241" started-at="2019-03-05T13:00:48Z" finished-at="2019-03-05T13:00:48Z">
          <reporter-output>
          </reporter-output>
        </test-method> <!-- browserDimension -->
        <test-method status="PASS" signature="browser()[pri:0, instance:Sanity.JoinTest@4b7dc788]" name="browser" is-config="true" duration-ms="0" started-at="2019-03-05T13:00:48Z" finished-at="2019-03-05T13:00:48Z">
          <reporter-output>
          </reporter-output>
        </test-method> <!-- browser -->
        <test-method status="PASS" signature="printTestInfo(java.lang.reflect.Method)[pri:0, instance:Sanity.JoinTest@4b7dc788]" name="printTestInfo" is-config="true" duration-ms="0" started-at="2019-03-05T13:00:48Z" finished-at="2019-03-05T13:00:48Z">
          <params>
            <param index="0">
              <value>
                <![CDATA[public void Sanity.JoinTest.joinUs() throws java.lang.InterruptedException]]>
              </value>
            </param>
          </params>
          <reporter-output>
          </reporter-output>
        </test-method> <!-- printTestInfo -->
        <test-method status="PASS" signature="joinUs()[pri:0, instance:Sanity.JoinTest@4b7dc788]" name="joinUs" duration-ms="5973" started-at="2019-03-05T13:00:48Z" description="the script is clicking the join link just to make sure the user is led to the free-trial page" finished-at="2019-03-05T13:00:54Z">
          <reporter-output>
          </reporter-output>
        </test-method> <!-- joinUs -->
        <test-method status="PASS" signature="disableCookies()[pri:0, instance:Sanity.JoinTest@4b7dc788]" name="disableCookies" is-config="true" duration-ms="0" started-at="2019-03-05T13:00:48Z" finished-at="2019-03-05T13:00:48Z">
          <reporter-output>
          </reporter-output>
        </test-method> <!-- disableCookies -->
        <test-method status="PASS" signature="setUserAgent()[pri:0, instance:Sanity.JoinTest@4b7dc788]" name="setUserAgent" is-config="true" duration-ms="0" started-at="2019-03-05T13:00:48Z" finished-at="2019-03-05T13:00:48Z">
          <reporter-output>
          </reporter-output>
        </test-method> <!-- setUserAgent -->
        <test-method status="PASS" signature="closeBrowser(org.testng.ITestResult)[pri:0, instance:Sanity.JoinTest@4b7dc788]" name="closeBrowser" is-config="true" duration-ms="724" started-at="2019-03-05T13:00:54Z" finished-at="2019-03-05T13:00:55Z">
          <params>
            <param index="0">
              <value>
                <![CDATA[[TestResult name=joinUs status=SUCCESS method=JoinTest.joinUs()[pri:0, instance:Sanity.JoinTest@4b7dc788] output={null}]]]>
              </value>
            </param>
          </params>
          <reporter-output>
          </reporter-output>
        </test-method> <!-- closeBrowser -->
      </class> <!-- Sanity.JoinTest -->
      <class name="Sanity.PaymentTest">
        <test-method status="PASS" signature="browser()[pri:0, instance:Sanity.PaymentTest@6304101a]" name="browser" is-config="true" duration-ms="0" started-at="2019-03-05T13:00:55Z" finished-at="2019-03-05T13:00:55Z">
          <reporter-output>
          </reporter-output>
        </test-method> <!-- browser -->
        <test-method status="PASS" signature="browserDimension()[pri:0, instance:Sanity.PaymentTest@6304101a]" name="browserDimension" is-config="true" duration-ms="221" started-at="2019-03-05T13:00:55Z" finished-at="2019-03-05T13:00:55Z">
          <reporter-output>
          </reporter-output>
        </test-method> <!-- browserDimension -->
        <test-method status="PASS" signature="PaymentTestSuccess()[pri:0, instance:Sanity.PaymentTest@6304101a]" name="PaymentTestSuccess" duration-ms="11544" started-at="2019-03-05T13:00:55Z" description="this test should enter a valid card and should be succeeded" finished-at="2019-03-05T13:01:07Z">
          <reporter-output>
          </reporter-output>
        </test-method> <!-- PaymentTestSuccess -->
        <test-method status="PASS" signature="disableCookies()[pri:0, instance:Sanity.PaymentTest@6304101a]" name="disableCookies" is-config="true" duration-ms="0" started-at="2019-03-05T13:00:55Z" finished-at="2019-03-05T13:00:55Z">
          <reporter-output>
          </reporter-output>
        </test-method> <!-- disableCookies -->
        <test-method status="PASS" signature="setUserAgent()[pri:0, instance:Sanity.PaymentTest@6304101a]" name="setUserAgent" is-config="true" duration-ms="0" started-at="2019-03-05T13:00:55Z" finished-at="2019-03-05T13:00:55Z">
          <reporter-output>
          </reporter-output>
        </test-method> <!-- setUserAgent -->
        <test-method status="PASS" signature="printTestInfo(java.lang.reflect.Method)[pri:0, instance:Sanity.PaymentTest@6304101a]" name="printTestInfo" is-config="true" duration-ms="0" started-at="2019-03-05T13:00:55Z" finished-at="2019-03-05T13:00:55Z">
          <params>
            <param index="0">
              <value>
                <![CDATA[public void Sanity.PaymentTest.PaymentTestSuccess() throws java.lang.InterruptedException]]>
              </value>
            </param>
          </params>
          <reporter-output>
          </reporter-output>
        </test-method> <!-- printTestInfo -->
        <test-method status="PASS" signature="closeBrowser(org.testng.ITestResult)[pri:0, instance:Sanity.PaymentTest@6304101a]" name="closeBrowser" is-config="true" duration-ms="733" started-at="2019-03-05T13:01:07Z" finished-at="2019-03-05T13:01:07Z">
          <params>
            <param index="0">
              <value>
                <![CDATA[[TestResult name=PaymentTestSuccess status=SUCCESS method=PaymentTest.PaymentTestSuccess()[pri:0, instance:Sanity.PaymentTest@6304101a] output={null}]]]>
              </value>
            </param>
          </params>
          <reporter-output>
          </reporter-output>
        </test-method> <!-- closeBrowser -->
      </class> <!-- Sanity.PaymentTest -->
    </test> <!-- Default test -->
  </suite> <!-- Default suite -->
</testng-results>
