<?xml version="1.0" encoding="UTF-8"?>
<testng-results skipped="0" failed="1" ignored="0" total="6" passed="5">
  <reporter-output>
  </reporter-output>
  <suite name="Default suite" duration-ms="87633" started-at="2019-01-14T11:58:00Z" finished-at="2019-01-14T11:59:28Z">
    <groups>
      <group name="Sanity">
        <method signature="GoogleAuthFromSignInBtn.GoogleLogin()[pri:0, instance:Sanity.GoogleAuthFromSignInBtn@30c8681]" name="GoogleLogin" class="Sanity.GoogleAuthFromSignInBtn"/>
      </group> <!-- Sanity -->
      <group name="Artlist">
        <method signature="JoinTest.joinUs()[pri:0, instance:Sanity.JoinTest@78aa1f72]" name="joinUs" class="Sanity.JoinTest"/>
        <method signature="LoginTest.login()[pri:0, instance:Sanity.LoginTest@5cdec700]" name="login" class="Sanity.LoginTest"/>
        <method signature="PaymentTest.PaymentTestSuccess()[pri:0, instance:Sanity.PaymentTest@1f75a668]" name="PaymentTestSuccess" class="Sanity.PaymentTest"/>
        <method signature="searchEndsUpOnArtlistPageTest.search()[pri:0, instance:Sanity.searchEndsUpOnArtlistPageTest@7d3d101b]" name="search" class="Sanity.searchEndsUpOnArtlistPageTest"/>
      </group> <!-- Artlist -->
      <group name="sanity">
        <method signature="searchTest.search()[pri:0, instance:Sanity.searchTest@6d026701]" name="search" class="Sanity.searchTest"/>
      </group> <!-- sanity -->
    </groups>
    <test name="Default test" duration-ms="87633" started-at="2019-01-14T11:58:00Z" finished-at="2019-01-14T11:59:28Z">
      <class name="Sanity.searchEndsUpOnArtlistPageTest">
        <test-method status="PASS" signature="browser()[pri:0, instance:Sanity.searchEndsUpOnArtlistPageTest@7d3d101b]" name="browser" is-config="true" duration-ms="1" started-at="2019-01-14T11:58:32Z" finished-at="2019-01-14T11:58:32Z">
          <reporter-output>
          </reporter-output>
        </test-method> <!-- browser -->
        <test-method status="PASS" signature="browserDimension()[pri:0, instance:Sanity.searchEndsUpOnArtlistPageTest@7d3d101b]" name="browserDimension" is-config="true" duration-ms="244" started-at="2019-01-14T11:58:32Z" finished-at="2019-01-14T11:58:32Z">
          <reporter-output>
          </reporter-output>
        </test-method> <!-- browserDimension -->
        <test-method status="PASS" signature="disableCookies()[pri:0, instance:Sanity.searchEndsUpOnArtlistPageTest@7d3d101b]" name="disableCookies" is-config="true" duration-ms="1" started-at="2019-01-14T11:58:32Z" finished-at="2019-01-14T11:58:32Z">
          <reporter-output>
          </reporter-output>
        </test-method> <!-- disableCookies -->
        <test-method status="PASS" signature="printTestInfo(java.lang.reflect.Method)[pri:0, instance:Sanity.searchEndsUpOnArtlistPageTest@7d3d101b]" name="printTestInfo" is-config="true" duration-ms="1" started-at="2019-01-14T11:58:32Z" finished-at="2019-01-14T11:58:32Z">
          <params>
            <param index="0">
              <value>
                <![CDATA[public void Sanity.searchEndsUpOnArtlistPageTest.search() throws java.lang.InterruptedException]]>
              </value>
            </param>
          </params>
          <reporter-output>
          </reporter-output>
        </test-method> <!-- printTestInfo -->
        <test-method status="PASS" signature="setUserAgent()[pri:0, instance:Sanity.searchEndsUpOnArtlistPageTest@7d3d101b]" name="setUserAgent" is-config="true" duration-ms="0" started-at="2019-01-14T11:58:32Z" finished-at="2019-01-14T11:58:32Z">
          <reporter-output>
          </reporter-output>
        </test-method> <!-- setUserAgent -->
        <test-method status="PASS" signature="search()[pri:0, instance:Sanity.searchEndsUpOnArtlistPageTest@7d3d101b]" name="search" duration-ms="11009" started-at="2019-01-14T11:58:32Z" description="the script is searching for certain artist and then taks the user into the artists page" finished-at="2019-01-14T11:58:43Z">
          <reporter-output>
          </reporter-output>
        </test-method> <!-- search -->
        <test-method status="PASS" signature="closeBrowser(org.testng.ITestResult)[pri:0, instance:Sanity.searchEndsUpOnArtlistPageTest@7d3d101b]" name="closeBrowser" is-config="true" duration-ms="1003" started-at="2019-01-14T11:58:43Z" finished-at="2019-01-14T11:58:44Z">
          <params>
            <param index="0">
              <value>
                <![CDATA[[TestResult name=search status=SUCCESS method=searchEndsUpOnArtlistPageTest.search()[pri:0, instance:Sanity.searchEndsUpOnArtlistPageTest@7d3d101b] output={null}]]]>
              </value>
            </param>
          </params>
          <reporter-output>
          </reporter-output>
        </test-method> <!-- closeBrowser -->
      </class> <!-- Sanity.searchEndsUpOnArtlistPageTest -->
      <class name="Sanity.GoogleAuthFromSignInBtn">
        <test-method status="PASS" signature="setup()[pri:0, instance:Sanity.GoogleAuthFromSignInBtn@30c8681]" name="setup" is-config="true" duration-ms="5413" started-at="2019-01-14T11:58:00Z" finished-at="2019-01-14T11:58:05Z">
          <reporter-output>
          </reporter-output>
        </test-method> <!-- setup -->
        <test-method status="PASS" signature="setup()[pri:0, instance:Sanity.JoinTest@78aa1f72]" name="setup" is-config="true" duration-ms="4069" started-at="2019-01-14T11:58:05Z" finished-at="2019-01-14T11:58:10Z">
          <reporter-output>
          </reporter-output>
        </test-method> <!-- setup -->
        <test-method status="PASS" signature="setup()[pri:0, instance:Sanity.LoginTest@5cdec700]" name="setup" is-config="true" duration-ms="5472" started-at="2019-01-14T11:58:10Z" finished-at="2019-01-14T11:58:15Z">
          <reporter-output>
          </reporter-output>
        </test-method> <!-- setup -->
        <test-method status="PASS" signature="setup()[pri:0, instance:Sanity.PaymentTest@1f75a668]" name="setup" is-config="true" duration-ms="4797" started-at="2019-01-14T11:58:15Z" finished-at="2019-01-14T11:58:20Z">
          <reporter-output>
          </reporter-output>
        </test-method> <!-- setup -->
        <test-method status="PASS" signature="setup()[pri:0, instance:Sanity.searchEndsUpOnArtlistPageTest@7d3d101b]" name="setup" is-config="true" duration-ms="4936" started-at="2019-01-14T11:58:20Z" finished-at="2019-01-14T11:58:25Z">
          <reporter-output>
          </reporter-output>
        </test-method> <!-- setup -->
        <test-method status="PASS" signature="setup()[pri:0, instance:Sanity.searchTest@6d026701]" name="setup" is-config="true" duration-ms="7101" started-at="2019-01-14T11:58:25Z" finished-at="2019-01-14T11:58:32Z">
          <reporter-output>
          </reporter-output>
        </test-method> <!-- setup -->
        <test-method status="PASS" signature="browser()[pri:0, instance:Sanity.GoogleAuthFromSignInBtn@30c8681]" name="browser" is-config="true" duration-ms="0" started-at="2019-01-14T11:58:44Z" finished-at="2019-01-14T11:58:44Z">
          <reporter-output>
          </reporter-output>
        </test-method> <!-- browser -->
        <test-method status="PASS" signature="browserDimension()[pri:0, instance:Sanity.GoogleAuthFromSignInBtn@30c8681]" name="browserDimension" is-config="true" duration-ms="245" started-at="2019-01-14T11:58:44Z" finished-at="2019-01-14T11:58:44Z">
          <reporter-output>
          </reporter-output>
        </test-method> <!-- browserDimension -->
        <test-method status="PASS" signature="printTestInfo(java.lang.reflect.Method)[pri:0, instance:Sanity.GoogleAuthFromSignInBtn@30c8681]" name="printTestInfo" is-config="true" duration-ms="1" started-at="2019-01-14T11:58:44Z" finished-at="2019-01-14T11:58:44Z">
          <params>
            <param index="0">
              <value>
                <![CDATA[public void Sanity.GoogleAuthFromSignInBtn.GoogleLogin() throws java.lang.InterruptedException,java.io.IOException]]>
              </value>
            </param>
          </params>
          <reporter-output>
          </reporter-output>
        </test-method> <!-- printTestInfo -->
        <test-method status="PASS" signature="disableCookies()[pri:0, instance:Sanity.GoogleAuthFromSignInBtn@30c8681]" name="disableCookies" is-config="true" duration-ms="0" started-at="2019-01-14T11:58:44Z" finished-at="2019-01-14T11:58:44Z">
          <reporter-output>
          </reporter-output>
        </test-method> <!-- disableCookies -->
        <test-method status="PASS" signature="setUserAgent()[pri:0, instance:Sanity.GoogleAuthFromSignInBtn@30c8681]" name="setUserAgent" is-config="true" duration-ms="0" started-at="2019-01-14T11:58:44Z" finished-at="2019-01-14T11:58:44Z">
          <reporter-output>
          </reporter-output>
        </test-method> <!-- setUserAgent -->
        <test-method status="FAIL" signature="GoogleLogin()[pri:0, instance:Sanity.GoogleAuthFromSignInBtn@30c8681]" name="GoogleLogin" duration-ms="18633" started-at="2019-01-14T11:58:44Z" description="this test performs a login to artlist site through Google after clicking the sign in button" finished-at="2019-01-14T11:59:03Z">
          <exception class="org.openqa.selenium.TimeoutException">
            <message>
              <![CDATA[Expected condition failed: waiting for visibility of [[ChromeDriver: chrome on XP (88ea826a23538d82d6b990654211dd97)] -> css selector: div.login > a#user-logined-btn] (tried for 10 second(s) with 500 MILLISECONDS interval)
Build info: version: '3.0.0', revision: '350cf60', time: '2016-10-13 10:48:57 -0700'
System info: host: 'DESKTOP-KMFJ2QA', ip: '10.0.75.1', os.name: 'Windows 10', os.arch: 'amd64', os.version: '10.0', java.version: '1.8.0_191'
Driver info: org.openqa.selenium.chrome.ChromeDriver
Capabilities [{mobileEmulationEnabled=false, timeouts={implicit=0, pageLoad=300000, script=30000}, hasTouchScreen=false, platform=XP, acceptSslCerts=false, goog:chromeOptions={debuggerAddress=localhost:54834}, acceptInsecureCerts=false, webStorageEnabled=true, browserName=chrome, takesScreenshot=true, javascriptEnabled=true, setWindowRect=true, unexpectedAlertBehaviour=ignore, applicationCacheEnabled=false, rotatable=false, networkConnectionEnabled=false, chrome={chromedriverVersion=72.0.3626.7 (efcef9a3ecda02b2132af215116a03852d08b9cb), userDataDir=C:\Users\ILANAM~1\AppData\Local\Temp\scoped_dir18668_12027}, takesHeapSnapshot=true, pageLoadStrategy=normal, databaseEnabled=false, handlesAlerts=true, version=71.0.3578.98, browserConnectionEnabled=false, proxy={}, nativeEvents=true, locationContextEnabled=true, cssSelectorsEnabled=true}]
Session ID: 88ea826a23538d82d6b990654211dd97]]>
            </message>
            <full-stacktrace>
              <![CDATA[org.openqa.selenium.TimeoutException: Expected condition failed: waiting for visibility of [[ChromeDriver: chrome on XP (88ea826a23538d82d6b990654211dd97)] -> css selector: div.login > a#user-logined-btn] (tried for 10 second(s) with 500 MILLISECONDS interval)
Build info: version: '3.0.0', revision: '350cf60', time: '2016-10-13 10:48:57 -0700'
System info: host: 'DESKTOP-KMFJ2QA', ip: '10.0.75.1', os.name: 'Windows 10', os.arch: 'amd64', os.version: '10.0', java.version: '1.8.0_191'
Driver info: org.openqa.selenium.chrome.ChromeDriver
Capabilities [{mobileEmulationEnabled=false, timeouts={implicit=0, pageLoad=300000, script=30000}, hasTouchScreen=false, platform=XP, acceptSslCerts=false, goog:chromeOptions={debuggerAddress=localhost:54834}, acceptInsecureCerts=false, webStorageEnabled=true, browserName=chrome, takesScreenshot=true, javascriptEnabled=true, setWindowRect=true, unexpectedAlertBehaviour=ignore, applicationCacheEnabled=false, rotatable=false, networkConnectionEnabled=false, chrome={chromedriverVersion=72.0.3626.7 (efcef9a3ecda02b2132af215116a03852d08b9cb), userDataDir=C:\Users\ILANAM~1\AppData\Local\Temp\scoped_dir18668_12027}, takesHeapSnapshot=true, pageLoadStrategy=normal, databaseEnabled=false, handlesAlerts=true, version=71.0.3578.98, browserConnectionEnabled=false, proxy={}, nativeEvents=true, locationContextEnabled=true, cssSelectorsEnabled=true}]
Session ID: 88ea826a23538d82d6b990654211dd97
at org.openqa.selenium.support.ui.WebDriverWait.timeoutException(WebDriverWait.java:80)
at org.openqa.selenium.support.ui.FluentWait.until(FluentWait.java:265)
at selenium.SeleniumFunctions.waitForElement(SeleniumFunctions.java:86)
at selenium.pageobjects.Common.SiteHeader.getAccountValue(SiteHeader.java:57)
at Sanity.GoogleAuthFromSignInBtn.GoogleLogin(GoogleAuthFromSignInBtn.java:60)
at sun.reflect.NativeMethodAccessorImpl.invoke0(Native Method)
at sun.reflect.NativeMethodAccessorImpl.invoke(Unknown Source)
at sun.reflect.DelegatingMethodAccessorImpl.invoke(Unknown Source)
at java.lang.reflect.Method.invoke(Unknown Source)
at org.testng.internal.MethodInvocationHelper.invokeMethod(MethodInvocationHelper.java:124)
at org.testng.internal.Invoker.invokeMethod(Invoker.java:580)
at org.testng.internal.Invoker.invokeTestMethod(Invoker.java:716)
at org.testng.internal.Invoker.invokeTestMethods(Invoker.java:988)
at org.testng.internal.TestMethodWorker.invokeTestMethods(TestMethodWorker.java:125)
at org.testng.internal.TestMethodWorker.run(TestMethodWorker.java:109)
at org.testng.TestRunner.privateRun(TestRunner.java:648)
at org.testng.TestRunner.run(TestRunner.java:505)
at org.testng.SuiteRunner.runTest(SuiteRunner.java:455)
at org.testng.SuiteRunner.runSequentially(SuiteRunner.java:450)
at org.testng.SuiteRunner.privateRun(SuiteRunner.java:415)
at org.testng.SuiteRunner.run(SuiteRunner.java:364)
at org.testng.SuiteRunnerWorker.runSuite(SuiteRunnerWorker.java:52)
at org.testng.SuiteRunnerWorker.run(SuiteRunnerWorker.java:84)
at org.testng.TestNG.runSuitesSequentially(TestNG.java:1208)
at org.testng.TestNG.runSuitesLocally(TestNG.java:1137)
at org.testng.TestNG.runSuites(TestNG.java:1049)
at org.testng.TestNG.run(TestNG.java:1017)
at org.testng.remote.AbstractRemoteTestNG.run(AbstractRemoteTestNG.java:114)
at org.testng.remote.RemoteTestNG.initAndRun(RemoteTestNG.java:251)
at org.testng.remote.RemoteTestNG.main(RemoteTestNG.java:77)
]]>
            </full-stacktrace>
          </exception> <!-- org.openqa.selenium.TimeoutException -->
          <reporter-output>
          </reporter-output>
        </test-method> <!-- GoogleLogin -->
        <test-method status="PASS" signature="closeBrowser(org.testng.ITestResult)[pri:0, instance:Sanity.GoogleAuthFromSignInBtn@30c8681]" name="closeBrowser" is-config="true" duration-ms="754" started-at="2019-01-14T11:59:03Z" finished-at="2019-01-14T11:59:04Z">
          <params>
            <param index="0">
              <value>
                <![CDATA[[TestResult name=GoogleLogin status=FAILURE method=GoogleAuthFromSignInBtn.GoogleLogin()[pri:0, instance:Sanity.GoogleAuthFromSignInBtn@30c8681] output={null}]]]>
              </value>
            </param>
          </params>
          <reporter-output>
          </reporter-output>
        </test-method> <!-- closeBrowser -->
      </class> <!-- Sanity.GoogleAuthFromSignInBtn -->
      <class name="Sanity.LoginTest">
        <test-method status="PASS" signature="browserDimension()[pri:0, instance:Sanity.LoginTest@5cdec700]" name="browserDimension" is-config="true" duration-ms="248" started-at="2019-01-14T11:59:04Z" finished-at="2019-01-14T11:59:04Z">
          <reporter-output>
          </reporter-output>
        </test-method> <!-- browserDimension -->
        <test-method status="PASS" signature="browser()[pri:0, instance:Sanity.LoginTest@5cdec700]" name="browser" is-config="true" duration-ms="0" started-at="2019-01-14T11:59:04Z" finished-at="2019-01-14T11:59:04Z">
          <reporter-output>
          </reporter-output>
        </test-method> <!-- browser -->
        <test-method status="PASS" signature="setUserAgent()[pri:0, instance:Sanity.LoginTest@5cdec700]" name="setUserAgent" is-config="true" duration-ms="0" started-at="2019-01-14T11:59:04Z" finished-at="2019-01-14T11:59:04Z">
          <reporter-output>
          </reporter-output>
        </test-method> <!-- setUserAgent -->
        <test-method status="PASS" signature="disableCookies()[pri:0, instance:Sanity.LoginTest@5cdec700]" name="disableCookies" is-config="true" duration-ms="0" started-at="2019-01-14T11:59:04Z" finished-at="2019-01-14T11:59:04Z">
          <reporter-output>
          </reporter-output>
        </test-method> <!-- disableCookies -->
        <test-method status="PASS" signature="printTestInfo(java.lang.reflect.Method)[pri:0, instance:Sanity.LoginTest@5cdec700]" name="printTestInfo" is-config="true" duration-ms="0" started-at="2019-01-14T11:59:04Z" finished-at="2019-01-14T11:59:04Z">
          <params>
            <param index="0">
              <value>
                <![CDATA[public void Sanity.LoginTest.login() throws java.lang.InterruptedException]]>
              </value>
            </param>
          </params>
          <reporter-output>
          </reporter-output>
        </test-method> <!-- printTestInfo -->
        <test-method status="PASS" signature="login()[pri:0, instance:Sanity.LoginTest@5cdec700]" name="login" duration-ms="982" started-at="2019-01-14T11:59:04Z" description="the script should perform a login by giving the Email, Pass, and click the login button" finished-at="2019-01-14T11:59:05Z">
          <reporter-output>
          </reporter-output>
        </test-method> <!-- login -->
        <test-method status="PASS" signature="closeBrowser(org.testng.ITestResult)[pri:0, instance:Sanity.LoginTest@5cdec700]" name="closeBrowser" is-config="true" duration-ms="784" started-at="2019-01-14T11:59:05Z" finished-at="2019-01-14T11:59:06Z">
          <params>
            <param index="0">
              <value>
                <![CDATA[[TestResult name=login status=SUCCESS method=LoginTest.login()[pri:0, instance:Sanity.LoginTest@5cdec700] output={null}]]]>
              </value>
            </param>
          </params>
          <reporter-output>
          </reporter-output>
        </test-method> <!-- closeBrowser -->
      </class> <!-- Sanity.LoginTest -->
      <class name="Sanity.searchTest">
        <test-method status="PASS" signature="browserDimension()[pri:0, instance:Sanity.searchTest@6d026701]" name="browserDimension" is-config="true" duration-ms="243" started-at="2019-01-14T11:59:06Z" finished-at="2019-01-14T11:59:06Z">
          <reporter-output>
          </reporter-output>
        </test-method> <!-- browserDimension -->
        <test-method status="PASS" signature="browser()[pri:0, instance:Sanity.searchTest@6d026701]" name="browser" is-config="true" duration-ms="0" started-at="2019-01-14T11:59:06Z" finished-at="2019-01-14T11:59:06Z">
          <reporter-output>
          </reporter-output>
        </test-method> <!-- browser -->
        <test-method status="PASS" signature="disableCookies()[pri:0, instance:Sanity.searchTest@6d026701]" name="disableCookies" is-config="true" duration-ms="1" started-at="2019-01-14T11:59:06Z" finished-at="2019-01-14T11:59:06Z">
          <reporter-output>
          </reporter-output>
        </test-method> <!-- disableCookies -->
        <test-method status="PASS" signature="printTestInfo(java.lang.reflect.Method)[pri:0, instance:Sanity.searchTest@6d026701]" name="printTestInfo" is-config="true" duration-ms="0" started-at="2019-01-14T11:59:06Z" finished-at="2019-01-14T11:59:06Z">
          <params>
            <param index="0">
              <value>
                <![CDATA[public void Sanity.searchTest.search() throws java.lang.InterruptedException]]>
              </value>
            </param>
          </params>
          <reporter-output>
          </reporter-output>
        </test-method> <!-- printTestInfo -->
        <test-method status="PASS" signature="setUserAgent()[pri:0, instance:Sanity.searchTest@6d026701]" name="setUserAgent" is-config="true" duration-ms="1" started-at="2019-01-14T11:59:06Z" finished-at="2019-01-14T11:59:06Z">
          <reporter-output>
          </reporter-output>
        </test-method> <!-- setUserAgent -->
        <test-method status="PASS" signature="search()[pri:0, instance:Sanity.searchTest@6d026701]" name="search" duration-ms="1532" started-at="2019-01-14T11:59:06Z" description="the script is searching for a letter, then picks up the the first result" finished-at="2019-01-14T11:59:08Z">
          <reporter-output>
          </reporter-output>
        </test-method> <!-- search -->
        <test-method status="PASS" signature="closeBrowser(org.testng.ITestResult)[pri:0, instance:Sanity.searchTest@6d026701]" name="closeBrowser" is-config="true" duration-ms="748" started-at="2019-01-14T11:59:08Z" finished-at="2019-01-14T11:59:08Z">
          <params>
            <param index="0">
              <value>
                <![CDATA[[TestResult name=search status=SUCCESS method=searchTest.search()[pri:0, instance:Sanity.searchTest@6d026701] output={null}]]]>
              </value>
            </param>
          </params>
          <reporter-output>
          </reporter-output>
        </test-method> <!-- closeBrowser -->
      </class> <!-- Sanity.searchTest -->
      <class name="Sanity.JoinTest">
        <test-method status="PASS" signature="browser()[pri:0, instance:Sanity.JoinTest@78aa1f72]" name="browser" is-config="true" duration-ms="1" started-at="2019-01-14T11:59:08Z" finished-at="2019-01-14T11:59:08Z">
          <reporter-output>
          </reporter-output>
        </test-method> <!-- browser -->
        <test-method status="PASS" signature="browserDimension()[pri:0, instance:Sanity.JoinTest@78aa1f72]" name="browserDimension" is-config="true" duration-ms="247" started-at="2019-01-14T11:59:08Z" finished-at="2019-01-14T11:59:09Z">
          <reporter-output>
          </reporter-output>
        </test-method> <!-- browserDimension -->
        <test-method status="PASS" signature="printTestInfo(java.lang.reflect.Method)[pri:0, instance:Sanity.JoinTest@78aa1f72]" name="printTestInfo" is-config="true" duration-ms="0" started-at="2019-01-14T11:59:09Z" finished-at="2019-01-14T11:59:09Z">
          <params>
            <param index="0">
              <value>
                <![CDATA[public void Sanity.JoinTest.joinUs() throws java.lang.InterruptedException]]>
              </value>
            </param>
          </params>
          <reporter-output>
          </reporter-output>
        </test-method> <!-- printTestInfo -->
        <test-method status="PASS" signature="disableCookies()[pri:0, instance:Sanity.JoinTest@78aa1f72]" name="disableCookies" is-config="true" duration-ms="0" started-at="2019-01-14T11:59:09Z" finished-at="2019-01-14T11:59:09Z">
          <reporter-output>
          </reporter-output>
        </test-method> <!-- disableCookies -->
        <test-method status="PASS" signature="setUserAgent()[pri:0, instance:Sanity.JoinTest@78aa1f72]" name="setUserAgent" is-config="true" duration-ms="0" started-at="2019-01-14T11:59:09Z" finished-at="2019-01-14T11:59:09Z">
          <reporter-output>
          </reporter-output>
        </test-method> <!-- setUserAgent -->
        <test-method status="PASS" signature="joinUs()[pri:0, instance:Sanity.JoinTest@78aa1f72]" name="joinUs" duration-ms="5766" started-at="2019-01-14T11:59:09Z" description="the script is clicking the join link just to make sure the user is led to the free-trial page" finished-at="2019-01-14T11:59:14Z">
          <reporter-output>
          </reporter-output>
        </test-method> <!-- joinUs -->
        <test-method status="PASS" signature="closeBrowser(org.testng.ITestResult)[pri:0, instance:Sanity.JoinTest@78aa1f72]" name="closeBrowser" is-config="true" duration-ms="819" started-at="2019-01-14T11:59:14Z" finished-at="2019-01-14T11:59:15Z">
          <params>
            <param index="0">
              <value>
                <![CDATA[[TestResult name=joinUs status=SUCCESS method=JoinTest.joinUs()[pri:0, instance:Sanity.JoinTest@78aa1f72] output={null}]]]>
              </value>
            </param>
          </params>
          <reporter-output>
          </reporter-output>
        </test-method> <!-- closeBrowser -->
      </class> <!-- Sanity.JoinTest -->
      <class name="Sanity.PaymentTest">
        <test-method status="PASS" signature="browser()[pri:0, instance:Sanity.PaymentTest@1f75a668]" name="browser" is-config="true" duration-ms="0" started-at="2019-01-14T11:59:15Z" finished-at="2019-01-14T11:59:15Z">
          <reporter-output>
          </reporter-output>
        </test-method> <!-- browser -->
        <test-method status="PASS" signature="browserDimension()[pri:0, instance:Sanity.PaymentTest@1f75a668]" name="browserDimension" is-config="true" duration-ms="257" started-at="2019-01-14T11:59:15Z" finished-at="2019-01-14T11:59:15Z">
          <reporter-output>
          </reporter-output>
        </test-method> <!-- browserDimension -->
        <test-method status="PASS" signature="PaymentTestSuccess()[pri:0, instance:Sanity.PaymentTest@1f75a668]" name="PaymentTestSuccess" duration-ms="11552" started-at="2019-01-14T11:59:15Z" description="this test should enter a valid card and should be succeeded" finished-at="2019-01-14T11:59:27Z">
          <reporter-output>
          </reporter-output>
        </test-method> <!-- PaymentTestSuccess -->
        <test-method status="PASS" signature="disableCookies()[pri:0, instance:Sanity.PaymentTest@1f75a668]" name="disableCookies" is-config="true" duration-ms="0" started-at="2019-01-14T11:59:15Z" finished-at="2019-01-14T11:59:15Z">
          <reporter-output>
          </reporter-output>
        </test-method> <!-- disableCookies -->
        <test-method status="PASS" signature="setUserAgent()[pri:0, instance:Sanity.PaymentTest@1f75a668]" name="setUserAgent" is-config="true" duration-ms="0" started-at="2019-01-14T11:59:15Z" finished-at="2019-01-14T11:59:15Z">
          <reporter-output>
          </reporter-output>
        </test-method> <!-- setUserAgent -->
        <test-method status="PASS" signature="printTestInfo(java.lang.reflect.Method)[pri:0, instance:Sanity.PaymentTest@1f75a668]" name="printTestInfo" is-config="true" duration-ms="0" started-at="2019-01-14T11:59:15Z" finished-at="2019-01-14T11:59:15Z">
          <params>
            <param index="0">
              <value>
                <![CDATA[public void Sanity.PaymentTest.PaymentTestSuccess() throws java.lang.InterruptedException]]>
              </value>
            </param>
          </params>
          <reporter-output>
          </reporter-output>
        </test-method> <!-- printTestInfo -->
        <test-method status="PASS" signature="closeBrowser(org.testng.ITestResult)[pri:0, instance:Sanity.PaymentTest@1f75a668]" name="closeBrowser" is-config="true" duration-ms="751" started-at="2019-01-14T11:59:27Z" finished-at="2019-01-14T11:59:28Z">
          <params>
            <param index="0">
              <value>
                <![CDATA[[TestResult name=PaymentTestSuccess status=SUCCESS method=PaymentTest.PaymentTestSuccess()[pri:0, instance:Sanity.PaymentTest@1f75a668] output={null}]]]>
              </value>
            </param>
          </params>
          <reporter-output>
          </reporter-output>
        </test-method> <!-- closeBrowser -->
      </class> <!-- Sanity.PaymentTest -->
    </test> <!-- Default test -->
  </suite> <!-- Default suite -->
</testng-results>
