<?xml version="1.0" encoding="UTF-8"?>
<testng-results skipped="0" failed="0" ignored="0" total="1" passed="1">
  <reporter-output>
  </reporter-output>
  <suite name="Default suite" duration-ms="6698" started-at="2019-01-16T11:11:51Z" finished-at="2019-01-16T11:11:58Z">
    <groups>
      <group name="sanity">
        <method signature="searchTest.search()[pri:0, instance:Sanity.searchTest@14fa86ae]" name="search" class="Sanity.searchTest"/>
      </group> <!-- sanity -->
    </groups>
    <test name="Default test" duration-ms="6698" started-at="2019-01-16T11:11:51Z" finished-at="2019-01-16T11:11:58Z">
      <class name="Sanity.searchTest">
        <test-method status="PASS" signature="setup()[pri:0, instance:Sanity.searchTest@14fa86ae]" name="setup" is-config="true" duration-ms="4247" started-at="2019-01-16T11:11:51Z" finished-at="2019-01-16T11:11:55Z">
          <reporter-output>
          </reporter-output>
        </test-method> <!-- setup -->
        <test-method status="PASS" signature="browser()[pri:0, instance:Sanity.searchTest@14fa86ae]" name="browser" is-config="true" duration-ms="1" started-at="2019-01-16T11:11:55Z" finished-at="2019-01-16T11:11:55Z">
          <reporter-output>
          </reporter-output>
        </test-method> <!-- browser -->
        <test-method status="PASS" signature="browserDimension()[pri:0, instance:Sanity.searchTest@14fa86ae]" name="browserDimension" is-config="true" duration-ms="222" started-at="2019-01-16T11:11:55Z" finished-at="2019-01-16T11:11:55Z">
          <reporter-output>
          </reporter-output>
        </test-method> <!-- browserDimension -->
        <test-method status="PASS" signature="disableCookies()[pri:0, instance:Sanity.searchTest@14fa86ae]" name="disableCookies" is-config="true" duration-ms="1" started-at="2019-01-16T11:11:55Z" finished-at="2019-01-16T11:11:55Z">
          <reporter-output>
          </reporter-output>
        </test-method> <!-- disableCookies -->
        <test-method status="PASS" signature="printTestInfo(java.lang.reflect.Method)[pri:0, instance:Sanity.searchTest@14fa86ae]" name="printTestInfo" is-config="true" duration-ms="1" started-at="2019-01-16T11:11:55Z" finished-at="2019-01-16T11:11:55Z">
          <params>
            <param index="0">
              <value>
                <![CDATA[public void Sanity.searchTest.search() throws java.lang.InterruptedException]]>
              </value>
            </param>
          </params>
          <reporter-output>
          </reporter-output>
        </test-method> <!-- printTestInfo -->
        <test-method status="PASS" signature="search()[pri:0, instance:Sanity.searchTest@14fa86ae]" name="search" duration-ms="1420" started-at="2019-01-16T11:11:55Z" description="the script is searching for a letter, then picks up the the first result" finished-at="2019-01-16T11:11:57Z">
          <reporter-output>
          </reporter-output>
        </test-method> <!-- search -->
        <test-method status="PASS" signature="setUserAgent()[pri:0, instance:Sanity.searchTest@14fa86ae]" name="setUserAgent" is-config="true" duration-ms="0" started-at="2019-01-16T11:11:55Z" finished-at="2019-01-16T11:11:55Z">
          <reporter-output>
          </reporter-output>
        </test-method> <!-- setUserAgent -->
        <test-method status="PASS" signature="closeBrowser(org.testng.ITestResult)[pri:0, instance:Sanity.searchTest@14fa86ae]" name="closeBrowser" is-config="true" duration-ms="796" started-at="2019-01-16T11:11:57Z" finished-at="2019-01-16T11:11:58Z">
          <params>
            <param index="0">
              <value>
                <![CDATA[[TestResult name=search status=SUCCESS method=searchTest.search()[pri:0, instance:Sanity.searchTest@14fa86ae] output={null}]]]>
              </value>
            </param>
          </params>
          <reporter-output>
          </reporter-output>
        </test-method> <!-- closeBrowser -->
      </class> <!-- Sanity.searchTest -->
    </test> <!-- Default test -->
  </suite> <!-- Default suite -->
</testng-results>
