<?xml version="1.0" encoding="UTF-8"?>
<testng-results skipped="0" failed="0" ignored="0" total="1" passed="1">
  <reporter-output>
  </reporter-output>
  <suite name="Default suite" duration-ms="6641" started-at="2019-03-06T13:52:02Z" finished-at="2019-03-06T13:52:09Z">
    <groups>
      <group name="Artlist">
        <method signature="LoginTest.login()[pri:0, instance:Sanity.LoginTest@59d4cd39]" name="login" class="Sanity.LoginTest"/>
      </group> <!-- Artlist -->
    </groups>
    <test name="Default test" duration-ms="6641" started-at="2019-03-06T13:52:02Z" finished-at="2019-03-06T13:52:09Z">
      <class name="Sanity.LoginTest">
        <test-method status="PASS" signature="setup()[pri:0, instance:Sanity.LoginTest@59d4cd39]" name="setup" is-config="true" duration-ms="4489" started-at="2019-03-06T13:52:02Z" finished-at="2019-03-06T13:52:06Z">
          <reporter-output>
          </reporter-output>
        </test-method> <!-- setup -->
        <test-method status="PASS" signature="browser()[pri:0, instance:Sanity.LoginTest@59d4cd39]" name="browser" is-config="true" duration-ms="1" started-at="2019-03-06T13:52:07Z" finished-at="2019-03-06T13:52:07Z">
          <reporter-output>
          </reporter-output>
        </test-method> <!-- browser -->
        <test-method status="PASS" signature="browserDimension()[pri:0, instance:Sanity.LoginTest@59d4cd39]" name="browserDimension" is-config="true" duration-ms="219" started-at="2019-03-06T13:52:07Z" finished-at="2019-03-06T13:52:07Z">
          <reporter-output>
          </reporter-output>
        </test-method> <!-- browserDimension -->
        <test-method status="PASS" signature="disableCookies()[pri:0, instance:Sanity.LoginTest@59d4cd39]" name="disableCookies" is-config="true" duration-ms="0" started-at="2019-03-06T13:52:07Z" finished-at="2019-03-06T13:52:07Z">
          <reporter-output>
          </reporter-output>
        </test-method> <!-- disableCookies -->
        <test-method status="PASS" signature="printTestInfo(java.lang.reflect.Method)[pri:0, instance:Sanity.LoginTest@59d4cd39]" name="printTestInfo" is-config="true" duration-ms="3" started-at="2019-03-06T13:52:07Z" finished-at="2019-03-06T13:52:07Z">
          <params>
            <param index="0">
              <value>
                <![CDATA[public void Sanity.LoginTest.login() throws java.lang.InterruptedException]]>
              </value>
            </param>
          </params>
          <reporter-output>
          </reporter-output>
        </test-method> <!-- printTestInfo -->
        <test-method status="PASS" signature="login()[pri:0, instance:Sanity.LoginTest@59d4cd39]" name="login" duration-ms="1065" started-at="2019-03-06T13:52:07Z" description="the script should perform a login by giving the Email, Pass, and click the login button" finished-at="2019-03-06T13:52:08Z">
          <reporter-output>
          </reporter-output>
        </test-method> <!-- login -->
        <test-method status="PASS" signature="setUserAgent()[pri:0, instance:Sanity.LoginTest@59d4cd39]" name="setUserAgent" is-config="true" duration-ms="0" started-at="2019-03-06T13:52:07Z" finished-at="2019-03-06T13:52:07Z">
          <reporter-output>
          </reporter-output>
        </test-method> <!-- setUserAgent -->
        <test-method status="PASS" signature="closeBrowser(org.testng.ITestResult)[pri:0, instance:Sanity.LoginTest@59d4cd39]" name="closeBrowser" is-config="true" duration-ms="853" started-at="2019-03-06T13:52:08Z" finished-at="2019-03-06T13:52:09Z">
          <params>
            <param index="0">
              <value>
                <![CDATA[[TestResult name=login status=SUCCESS method=LoginTest.login()[pri:0, instance:Sanity.LoginTest@59d4cd39] output={null}]]]>
              </value>
            </param>
          </params>
          <reporter-output>
          </reporter-output>
        </test-method> <!-- closeBrowser -->
      </class> <!-- Sanity.LoginTest -->
    </test> <!-- Default test -->
  </suite> <!-- Default suite -->
</testng-results>
