<?xml version="1.0" encoding="UTF-8"?>
<testng-results skipped="0" failed="0" ignored="0" total="3" passed="3">
  <reporter-output>
  </reporter-output>
  <suite name="Default suite" duration-ms="36125" started-at="2018-12-06T08:50:36Z" finished-at="2018-12-06T08:51:12Z">
    <groups>
    </groups>
    <test name="Default test" duration-ms="36125" started-at="2018-12-06T08:50:36Z" finished-at="2018-12-06T08:51:12Z">
      <class name="Artlist.joinTest">
        <test-method status="PASS" signature="loginTest(java.lang.String, java.lang.String, [Ljava.lang.CharSequence;)[pri:0, instance:Artlist.joinTest@343f4d3d]" name="loginTest" duration-ms="11977" started-at="2018-12-06T08:50:36Z" data-provider="getData" finished-at="2018-12-06T08:50:48Z">
          <params>
            <param index="0">
              <value>
                <![CDATA[ilanmg@artlist.io]]>
              </value>
            </param>
            <param index="1">
              <value>
                <![CDATA[Tomido12]]>
              </value>
            </param>
            <param index="2">
              <value>
                <![CDATA[[Ljava.lang.CharSequence;@3a12c404]]>
              </value>
            </param>
          </params>
          <reporter-output>
          </reporter-output>
        </test-method> <!-- loginTest -->
        <test-method status="PASS" signature="loginTest(java.lang.String, java.lang.String, [Ljava.lang.CharSequence;)[pri:0, instance:Artlist.joinTest@343f4d3d]" name="loginTest" duration-ms="11945" started-at="2018-12-06T08:50:48Z" data-provider="getData" finished-at="2018-12-06T08:51:00Z">
          <params>
            <param index="0">
              <value>
                <![CDATA[ilanmg@artlist.io]]>
              </value>
            </param>
            <param index="1">
              <value>
                <![CDATA[Tomido12]]>
              </value>
            </param>
            <param index="2">
              <value>
                <![CDATA[[Ljava.lang.CharSequence;@1941a8ff]]>
              </value>
            </param>
          </params>
          <reporter-output>
          </reporter-output>
        </test-method> <!-- loginTest -->
        <test-method status="PASS" signature="loginTest(java.lang.String, java.lang.String, [Ljava.lang.CharSequence;)[pri:0, instance:Artlist.joinTest@343f4d3d]" name="loginTest" duration-ms="12182" started-at="2018-12-06T08:51:00Z" data-provider="getData" finished-at="2018-12-06T08:51:12Z">
          <params>
            <param index="0">
              <value>
                <![CDATA[ilanmg@artlist.io]]>
              </value>
            </param>
            <param index="1">
              <value>
                <![CDATA[Tomido12]]>
              </value>
            </param>
            <param index="2">
              <value is-null="true"/>
            </param>
          </params>
          <reporter-output>
          </reporter-output>
        </test-method> <!-- loginTest -->
      </class> <!-- Artlist.joinTest -->
    </test> <!-- Default test -->
  </suite> <!-- Default suite -->
</testng-results>
