<?xml version="1.0" encoding="UTF-8"?>
<testng-results skipped="0" failed="0" ignored="0" total="1" passed="1">
  <reporter-output>
  </reporter-output>
  <suite name="Default suite" duration-ms="17668" started-at="2019-01-24T08:09:41Z" finished-at="2019-01-24T08:09:59Z">
    <groups>
      <group name="Artlist">
        <method signature="PaymentTest.PaymentTestSuccess()[pri:0, instance:Sanity.PaymentTest@59d4cd39]" name="PaymentTestSuccess" class="Sanity.PaymentTest"/>
      </group> <!-- Artlist -->
    </groups>
    <test name="Default test" duration-ms="17668" started-at="2019-01-24T08:09:41Z" finished-at="2019-01-24T08:09:59Z">
      <class name="Sanity.PaymentTest">
        <test-method status="PASS" signature="setup()[pri:0, instance:Sanity.PaymentTest@59d4cd39]" name="setup" is-config="true" duration-ms="4848" started-at="2019-01-24T08:09:41Z" finished-at="2019-01-24T08:09:46Z">
          <reporter-output>
          </reporter-output>
        </test-method> <!-- setup -->
        <test-method status="PASS" signature="browser()[pri:0, instance:Sanity.PaymentTest@59d4cd39]" name="browser" is-config="true" duration-ms="1" started-at="2019-01-24T08:09:46Z" finished-at="2019-01-24T08:09:46Z">
          <reporter-output>
          </reporter-output>
        </test-method> <!-- browser -->
        <test-method status="PASS" signature="browserDimension()[pri:0, instance:Sanity.PaymentTest@59d4cd39]" name="browserDimension" is-config="true" duration-ms="224" started-at="2019-01-24T08:09:46Z" finished-at="2019-01-24T08:09:46Z">
          <reporter-output>
          </reporter-output>
        </test-method> <!-- browserDimension -->
        <test-method status="PASS" signature="disableCookies()[pri:0, instance:Sanity.PaymentTest@59d4cd39]" name="disableCookies" is-config="true" duration-ms="0" started-at="2019-01-24T08:09:46Z" finished-at="2019-01-24T08:09:46Z">
          <reporter-output>
          </reporter-output>
        </test-method> <!-- disableCookies -->
        <test-method status="PASS" signature="printTestInfo(java.lang.reflect.Method)[pri:0, instance:Sanity.PaymentTest@59d4cd39]" name="printTestInfo" is-config="true" duration-ms="2" started-at="2019-01-24T08:09:46Z" finished-at="2019-01-24T08:09:46Z">
          <params>
            <param index="0">
              <value>
                <![CDATA[public void Sanity.PaymentTest.PaymentTestSuccess() throws java.lang.InterruptedException]]>
              </value>
            </param>
          </params>
          <reporter-output>
          </reporter-output>
        </test-method> <!-- printTestInfo -->
        <test-method status="PASS" signature="PaymentTestSuccess()[pri:0, instance:Sanity.PaymentTest@59d4cd39]" name="PaymentTestSuccess" duration-ms="11709" started-at="2019-01-24T08:09:46Z" description="this test should enter a valid card and should be succeeded" finished-at="2019-01-24T08:09:58Z">
          <reporter-output>
          </reporter-output>
        </test-method> <!-- PaymentTestSuccess -->
        <test-method status="PASS" signature="setUserAgent()[pri:0, instance:Sanity.PaymentTest@59d4cd39]" name="setUserAgent" is-config="true" duration-ms="0" started-at="2019-01-24T08:09:46Z" finished-at="2019-01-24T08:09:46Z">
          <reporter-output>
          </reporter-output>
        </test-method> <!-- setUserAgent -->
        <test-method status="PASS" signature="closeBrowser(org.testng.ITestResult)[pri:0, instance:Sanity.PaymentTest@59d4cd39]" name="closeBrowser" is-config="true" duration-ms="868" started-at="2019-01-24T08:09:58Z" finished-at="2019-01-24T08:09:59Z">
          <params>
            <param index="0">
              <value>
                <![CDATA[[TestResult name=PaymentTestSuccess status=SUCCESS method=PaymentTest.PaymentTestSuccess()[pri:0, instance:Sanity.PaymentTest@59d4cd39] output={null}]]]>
              </value>
            </param>
          </params>
          <reporter-output>
          </reporter-output>
        </test-method> <!-- closeBrowser -->
      </class> <!-- Sanity.PaymentTest -->
    </test> <!-- Default test -->
  </suite> <!-- Default suite -->
</testng-results>
