<?xml version="1.0" encoding="UTF-8"?>
<testng-results skipped="0" failed="0" ignored="0" total="1" passed="1">
  <reporter-output>
  </reporter-output>
  <suite name="Default suite" duration-ms="11591" started-at="2018-12-13T07:38:08Z" finished-at="2018-12-13T07:38:19Z">
    <groups>
    </groups>
    <test name="Default test" duration-ms="11591" started-at="2018-12-13T07:38:08Z" finished-at="2018-12-13T07:38:19Z">
      <class name="Artlist.siteAddressTrue">
        <test-method status="PASS" signature="siteAddressTrue()[pri:0, instance:Artlist.siteAddressTrue@271053e1]" name="siteAddressTrue" is-config="true" duration-ms="9406" started-at="2018-12-13T07:38:08Z" finished-at="2018-12-13T07:38:17Z">
          <reporter-output>
          </reporter-output>
        </test-method> <!-- siteAddressTrue -->
        <test-method status="PASS" signature="assertTrue()[pri:0, instance:Artlist.siteAddressTrue@271053e1]" name="assertTrue" duration-ms="4" started-at="2018-12-13T07:38:17Z" finished-at="2018-12-13T07:38:17Z">
          <reporter-output>
          </reporter-output>
        </test-method> <!-- assertTrue -->
        <test-method status="PASS" signature="aftertest()[pri:0, instance:Artlist.siteAddressTrue@271053e1]" name="aftertest" is-config="true" duration-ms="2172" started-at="2018-12-13T07:38:17Z" finished-at="2018-12-13T07:38:19Z">
          <reporter-output>
          </reporter-output>
        </test-method> <!-- aftertest -->
      </class> <!-- Artlist.siteAddressTrue -->
    </test> <!-- Default test -->
  </suite> <!-- Default suite -->
</testng-results>
